<?xml version="1.0" encoding="UTF-8"?>
<testsuite xmlns:xsi="http://www.w3.org/2001/XMLSchema-instance" xsi:noNamespaceSchemaLocation="https://maven.apache.org/surefire/maven-surefire-plugin/xsd/surefire-test-report-3.0.xsd" version="3.0" name="TestSuite" time="43.892" tests="2" errors="0" skipped="0" failures="1">
  <properties>
    <property name="java.specification.version" value="21"/>
    <property name="webdriver.chrome.driver" value="C:\Users\basha\.cache\selenium\chromedriver\win64\125.0.6422.141\chromedriver.exe"/>
    <property name="sun.cpu.isalist" value="amd64"/>
    <property name="sun.jnu.encoding" value="Cp1252"/>
    <property name="java.class.path" value="C:\Users\basha\Downloads\crypto-testing\target\test-classes;C:\Users\basha\Downloads\crypto-testing\target\classes;C:\Users\basha\.m2\repository\org\seleniumhq\selenium\selenium-java\4.21.0\selenium-java-4.21.0.jar;C:\Users\basha\.m2\repository\org\seleniumhq\selenium\selenium-api\4.21.0\selenium-api-4.21.0.jar;C:\Users\basha\.m2\repository\org\seleniumhq\selenium\selenium-chrome-driver\4.21.0\selenium-chrome-driver-4.21.0.jar;C:\Users\basha\.m2\repository\com\google\auto\service\auto-service-annotations\1.1.1\auto-service-annotations-1.1.1.jar;C:\Users\basha\.m2\repository\org\seleniumhq\selenium\selenium-chromium-driver\4.21.0\selenium-chromium-driver-4.21.0.jar;C:\Users\basha\.m2\repository\org\seleniumhq\selenium\selenium-json\4.21.0\selenium-json-4.21.0.jar;C:\Users\basha\.m2\repository\org\seleniumhq\selenium\selenium-manager\4.21.0\selenium-manager-4.21.0.jar;C:\Users\basha\.m2\repository\org\seleniumhq\selenium\selenium-devtools-v123\4.21.0\selenium-devtools-v123-4.21.0.jar;C:\Users\basha\.m2\repository\org\seleniumhq\selenium\selenium-devtools-v124\4.21.0\selenium-devtools-v124-4.21.0.jar;C:\Users\basha\.m2\repository\org\seleniumhq\selenium\selenium-devtools-v125\4.21.0\selenium-devtools-v125-4.21.0.jar;C:\Users\basha\.m2\repository\org\seleniumhq\selenium\selenium-devtools-v85\4.21.0\selenium-devtools-v85-4.21.0.jar;C:\Users\basha\.m2\repository\org\seleniumhq\selenium\selenium-edge-driver\4.21.0\selenium-edge-driver-4.21.0.jar;C:\Users\basha\.m2\repository\org\seleniumhq\selenium\selenium-firefox-driver\4.21.0\selenium-firefox-driver-4.21.0.jar;C:\Users\basha\.m2\repository\org\seleniumhq\selenium\selenium-http\4.21.0\selenium-http-4.21.0.jar;C:\Users\basha\.m2\repository\dev\failsafe\failsafe\3.3.2\failsafe-3.3.2.jar;C:\Users\basha\.m2\repository\org\seleniumhq\selenium\selenium-ie-driver\4.21.0\selenium-ie-driver-4.21.0.jar;C:\Users\basha\.m2\repository\org\seleniumhq\selenium\selenium-remote-driver\4.21.0\selenium-remote-driver-4.21.0.jar;C:\Users\basha\.m2\repository\com\google\guava\guava\33.2.0-jre\guava-33.2.0-jre.jar;C:\Users\basha\.m2\repository\com\google\guava\failureaccess\1.0.2\failureaccess-1.0.2.jar;C:\Users\basha\.m2\repository\com\google\guava\listenablefuture\9999.0-empty-to-avoid-conflict-with-guava\listenablefuture-9999.0-empty-to-avoid-conflict-with-guava.jar;C:\Users\basha\.m2\repository\com\google\code\findbugs\jsr305\3.0.2\jsr305-3.0.2.jar;C:\Users\basha\.m2\repository\org\checkerframework\checker-qual\3.42.0\checker-qual-3.42.0.jar;C:\Users\basha\.m2\repository\com\google\errorprone\error_prone_annotations\2.26.1\error_prone_annotations-2.26.1.jar;C:\Users\basha\.m2\repository\com\google\j2objc\j2objc-annotations\3.0.0\j2objc-annotations-3.0.0.jar;C:\Users\basha\.m2\repository\io\opentelemetry\semconv\opentelemetry-semconv\1.25.0-alpha\opentelemetry-semconv-1.25.0-alpha.jar;C:\Users\basha\.m2\repository\io\opentelemetry\opentelemetry-api\1.38.0\opentelemetry-api-1.38.0.jar;C:\Users\basha\.m2\repository\io\opentelemetry\opentelemetry-context\1.38.0\opentelemetry-context-1.38.0.jar;C:\Users\basha\.m2\repository\io\opentelemetry\opentelemetry-exporter-logging\1.38.0\opentelemetry-exporter-logging-1.38.0.jar;C:\Users\basha\.m2\repository\io\opentelemetry\opentelemetry-sdk-common\1.38.0\opentelemetry-sdk-common-1.38.0.jar;C:\Users\basha\.m2\repository\io\opentelemetry\opentelemetry-sdk-extension-autoconfigure-spi\1.38.0\opentelemetry-sdk-extension-autoconfigure-spi-1.38.0.jar;C:\Users\basha\.m2\repository\io\opentelemetry\opentelemetry-sdk-extension-autoconfigure\1.38.0\opentelemetry-sdk-extension-autoconfigure-1.38.0.jar;C:\Users\basha\.m2\repository\io\opentelemetry\opentelemetry-api-incubator\1.38.0-alpha\opentelemetry-api-incubator-1.38.0-alpha.jar;C:\Users\basha\.m2\repository\io\opentelemetry\opentelemetry-sdk-trace\1.38.0\opentelemetry-sdk-trace-1.38.0.jar;C:\Users\basha\.m2\repository\io\opentelemetry\opentelemetry-sdk\1.38.0\opentelemetry-sdk-1.38.0.jar;C:\Users\basha\.m2\repository\io\opentelemetry\opentelemetry-sdk-metrics\1.38.0\opentelemetry-sdk-metrics-1.38.0.jar;C:\Users\basha\.m2\repository\io\opentelemetry\opentelemetry-sdk-logs\1.38.0\opentelemetry-sdk-logs-1.38.0.jar;C:\Users\basha\.m2\repository\net\bytebuddy\byte-buddy\1.14.15\byte-buddy-1.14.15.jar;C:\Users\basha\.m2\repository\org\seleniumhq\selenium\selenium-os\4.21.0\selenium-os-4.21.0.jar;C:\Users\basha\.m2\repository\org\apache\commons\commons-exec\1.4.0\commons-exec-1.4.0.jar;C:\Users\basha\.m2\repository\org\seleniumhq\selenium\selenium-safari-driver\4.21.0\selenium-safari-driver-4.21.0.jar;C:\Users\basha\.m2\repository\org\seleniumhq\selenium\selenium-support\4.21.0\selenium-support-4.21.0.jar;C:\Users\basha\.m2\repository\io\cucumber\cucumber-java\7.18.0\cucumber-java-7.18.0.jar;C:\Users\basha\.m2\repository\io\cucumber\cucumber-core\7.18.0\cucumber-core-7.18.0.jar;C:\Users\basha\.m2\repository\io\cucumber\cucumber-gherkin\7.18.0\cucumber-gherkin-7.18.0.jar;C:\Users\basha\.m2\repository\io\cucumber\cucumber-gherkin-messages\7.18.0\cucumber-gherkin-messages-7.18.0.jar;C:\Users\basha\.m2\repository\io\cucumber\gherkin\28.0.0\gherkin-28.0.0.jar;C:\Users\basha\.m2\repository\io\cucumber\messages\24.1.0\messages-24.1.0.jar;C:\Users\basha\.m2\repository\io\cucumber\testng-xml-formatter\0.1.0\testng-xml-formatter-0.1.0.jar;C:\Users\basha\.m2\repository\io\cucumber\query\12.1.2\query-12.1.2.jar;C:\Users\basha\.m2\repository\io\cucumber\tag-expressions\6.1.0\tag-expressions-6.1.0.jar;C:\Users\basha\.m2\repository\io\cucumber\cucumber-expressions\17.1.0\cucumber-expressions-17.1.0.jar;C:\Users\basha\.m2\repository\io\cucumber\datatable\7.18.0\datatable-7.18.0.jar;C:\Users\basha\.m2\repository\io\cucumber\cucumber-plugin\7.18.0\cucumber-plugin-7.18.0.jar;C:\Users\basha\.m2\repository\io\cucumber\docstring\7.18.0\docstring-7.18.0.jar;C:\Users\basha\.m2\repository\io\cucumber\html-formatter\21.3.1\html-formatter-21.3.1.jar;C:\Users\basha\.m2\repository\io\cucumber\junit-xml-formatter\0.4.0\junit-xml-formatter-0.4.0.jar;C:\Users\basha\.m2\repository\io\cucumber\ci-environment\10.0.1\ci-environment-10.0.1.jar;C:\Users\basha\.m2\repository\org\apiguardian\apiguardian-api\1.1.2\apiguardian-api-1.1.2.jar;C:\Users\basha\.m2\repository\io\cucumber\cucumber-testng\7.18.0\cucumber-testng-7.18.0.jar;C:\Users\basha\.m2\repository\org\testng\testng\7.10.2\testng-7.10.2.jar;C:\Users\basha\.m2\repository\com\beust\jcommander\1.82\jcommander-1.82.jar;C:\Users\basha\.m2\repository\org\webjars\jquery\3.7.1\jquery-3.7.1.jar;C:\Users\basha\.m2\repository\org\slf4j\slf4j-api\2.0.13\slf4j-api-2.0.13.jar;C:\Users\basha\.m2\repository\ch\qos\logback\logback-classic\1.5.6\logback-classic-1.5.6.jar;C:\Users\basha\.m2\repository\ch\qos\logback\logback-core\1.5.6\logback-core-1.5.6.jar;C:\Users\basha\.m2\repository\io\github\bonigarcia\webdrivermanager\5.8.0\webdrivermanager-5.8.0.jar;C:\Users\basha\.m2\repository\com\google\code\gson\gson\2.10.1\gson-2.10.1.jar;C:\Users\basha\.m2\repository\com\github\docker-java\docker-java\3.3.6\docker-java-3.3.6.jar;C:\Users\basha\.m2\repository\com\github\docker-java\docker-java-core\3.3.6\docker-java-core-3.3.6.jar;C:\Users\basha\.m2\repository\com\github\docker-java\docker-java-api\3.3.6\docker-java-api-3.3.6.jar;C:\Users\basha\.m2\repository\com\fasterxml\jackson\core\jackson-annotations\2.10.3\jackson-annotations-2.10.3.jar;C:\Users\basha\.m2\repository\com\fasterxml\jackson\core\jackson-databind\2.10.3\jackson-databind-2.10.3.jar;C:\Users\basha\.m2\repository\com\fasterxml\jackson\core\jackson-core\2.10.3\jackson-core-2.10.3.jar;C:\Users\basha\.m2\repository\org\bouncycastle\bcpkix-jdk18on\1.76\bcpkix-jdk18on-1.76.jar;C:\Users\basha\.m2\repository\org\bouncycastle\bcprov-jdk18on\1.76\bcprov-jdk18on-1.76.jar;C:\Users\basha\.m2\repository\org\bouncycastle\bcutil-jdk18on\1.76\bcutil-jdk18on-1.76.jar;C:\Users\basha\.m2\repository\org\slf4j\jcl-over-slf4j\1.7.30\jcl-over-slf4j-1.7.30.jar;C:\Users\basha\.m2\repository\com\github\docker-java\docker-java-transport-httpclient5\3.3.6\docker-java-transport-httpclient5-3.3.6.jar;C:\Users\basha\.m2\repository\com\github\docker-java\docker-java-transport\3.3.6\docker-java-transport-3.3.6.jar;C:\Users\basha\.m2\repository\net\java\dev\jna\jna\5.13.0\jna-5.13.0.jar;C:\Users\basha\.m2\repository\org\brotli\dec\0.1.2\dec-0.1.2.jar;C:\Users\basha\.m2\repository\org\apache\commons\commons-lang3\3.14.0\commons-lang3-3.14.0.jar;C:\Users\basha\.m2\repository\org\apache\commons\commons-compress\1.26.1\commons-compress-1.26.1.jar;C:\Users\basha\.m2\repository\commons-codec\commons-codec\1.16.1\commons-codec-1.16.1.jar;C:\Users\basha\.m2\repository\commons-io\commons-io\2.15.1\commons-io-2.15.1.jar;C:\Users\basha\.m2\repository\org\apache\httpcomponents\client5\httpclient5\5.2.1\httpclient5-5.2.1.jar;C:\Users\basha\.m2\repository\org\apache\httpcomponents\core5\httpcore5\5.2\httpcore5-5.2.jar;C:\Users\basha\.m2\repository\org\apache\httpcomponents\core5\httpcore5-h2\5.2\httpcore5-h2-5.2.jar;C:\Users\basha\.m2\repository\com\github\javafaker\javafaker\1.0.2\javafaker-1.0.2.jar;C:\Users\basha\.m2\repository\org\yaml\snakeyaml\1.23\snakeyaml-1.23-android.jar;C:\Users\basha\.m2\repository\com\github\mifmif\generex\1.0.2\generex-1.0.2.jar;C:\Users\basha\.m2\repository\dk\brics\automaton\automaton\1.11-8\automaton-1.11-8.jar;"/>
    <property name="java.vm.vendor" value="Oracle Corporation"/>
    <property name="sun.arch.data.model" value="64"/>
    <property name="user.variant" value=""/>
    <property name="java.vendor.url" value="https://java.oracle.com/"/>
    <property name="user.timezone" value="America/Vancouver"/>
    <property name="os.name" value="Windows 11"/>
    <property name="java.vm.specification.version" value="21"/>
    <property name="sun.java.launcher" value="SUN_STANDARD"/>
    <property name="user.country" value="CA"/>
    <property name="sun.boot.library.path" value="C:\Program Files\Java\jdk-21\bin"/>
    <property name="sun.java.command" value="C:\Users\basha\AppData\Local\Temp\surefire6800689251156079545\surefirebooter-20240617001010237_3.jar C:\Users\basha\AppData\Local\Temp\surefire6800689251156079545 2024-06-17T00-10-10_124-jvmRun1 surefire-20240617001010237_1tmp surefire_0-20240617001010237_2tmp"/>
    <property name="jdk.debug" value="release"/>
    <property name="surefire.test.class.path" value="C:\Users\basha\Downloads\crypto-testing\target\test-classes;C:\Users\basha\Downloads\crypto-testing\target\classes;C:\Users\basha\.m2\repository\org\seleniumhq\selenium\selenium-java\4.21.0\selenium-java-4.21.0.jar;C:\Users\basha\.m2\repository\org\seleniumhq\selenium\selenium-api\4.21.0\selenium-api-4.21.0.jar;C:\Users\basha\.m2\repository\org\seleniumhq\selenium\selenium-chrome-driver\4.21.0\selenium-chrome-driver-4.21.0.jar;C:\Users\basha\.m2\repository\com\google\auto\service\auto-service-annotations\1.1.1\auto-service-annotations-1.1.1.jar;C:\Users\basha\.m2\repository\org\seleniumhq\selenium\selenium-chromium-driver\4.21.0\selenium-chromium-driver-4.21.0.jar;C:\Users\basha\.m2\repository\org\seleniumhq\selenium\selenium-json\4.21.0\selenium-json-4.21.0.jar;C:\Users\basha\.m2\repository\org\seleniumhq\selenium\selenium-manager\4.21.0\selenium-manager-4.21.0.jar;C:\Users\basha\.m2\repository\org\seleniumhq\selenium\selenium-devtools-v123\4.21.0\selenium-devtools-v123-4.21.0.jar;C:\Users\basha\.m2\repository\org\seleniumhq\selenium\selenium-devtools-v124\4.21.0\selenium-devtools-v124-4.21.0.jar;C:\Users\basha\.m2\repository\org\seleniumhq\selenium\selenium-devtools-v125\4.21.0\selenium-devtools-v125-4.21.0.jar;C:\Users\basha\.m2\repository\org\seleniumhq\selenium\selenium-devtools-v85\4.21.0\selenium-devtools-v85-4.21.0.jar;C:\Users\basha\.m2\repository\org\seleniumhq\selenium\selenium-edge-driver\4.21.0\selenium-edge-driver-4.21.0.jar;C:\Users\basha\.m2\repository\org\seleniumhq\selenium\selenium-firefox-driver\4.21.0\selenium-firefox-driver-4.21.0.jar;C:\Users\basha\.m2\repository\org\seleniumhq\selenium\selenium-http\4.21.0\selenium-http-4.21.0.jar;C:\Users\basha\.m2\repository\dev\failsafe\failsafe\3.3.2\failsafe-3.3.2.jar;C:\Users\basha\.m2\repository\org\seleniumhq\selenium\selenium-ie-driver\4.21.0\selenium-ie-driver-4.21.0.jar;C:\Users\basha\.m2\repository\org\seleniumhq\selenium\selenium-remote-driver\4.21.0\selenium-remote-driver-4.21.0.jar;C:\Users\basha\.m2\repository\com\google\guava\guava\33.2.0-jre\guava-33.2.0-jre.jar;C:\Users\basha\.m2\repository\com\google\guava\failureaccess\1.0.2\failureaccess-1.0.2.jar;C:\Users\basha\.m2\repository\com\google\guava\listenablefuture\9999.0-empty-to-avoid-conflict-with-guava\listenablefuture-9999.0-empty-to-avoid-conflict-with-guava.jar;C:\Users\basha\.m2\repository\com\google\code\findbugs\jsr305\3.0.2\jsr305-3.0.2.jar;C:\Users\basha\.m2\repository\org\checkerframework\checker-qual\3.42.0\checker-qual-3.42.0.jar;C:\Users\basha\.m2\repository\com\google\errorprone\error_prone_annotations\2.26.1\error_prone_annotations-2.26.1.jar;C:\Users\basha\.m2\repository\com\google\j2objc\j2objc-annotations\3.0.0\j2objc-annotations-3.0.0.jar;C:\Users\basha\.m2\repository\io\opentelemetry\semconv\opentelemetry-semconv\1.25.0-alpha\opentelemetry-semconv-1.25.0-alpha.jar;C:\Users\basha\.m2\repository\io\opentelemetry\opentelemetry-api\1.38.0\opentelemetry-api-1.38.0.jar;C:\Users\basha\.m2\repository\io\opentelemetry\opentelemetry-context\1.38.0\opentelemetry-context-1.38.0.jar;C:\Users\basha\.m2\repository\io\opentelemetry\opentelemetry-exporter-logging\1.38.0\opentelemetry-exporter-logging-1.38.0.jar;C:\Users\basha\.m2\repository\io\opentelemetry\opentelemetry-sdk-common\1.38.0\opentelemetry-sdk-common-1.38.0.jar;C:\Users\basha\.m2\repository\io\opentelemetry\opentelemetry-sdk-extension-autoconfigure-spi\1.38.0\opentelemetry-sdk-extension-autoconfigure-spi-1.38.0.jar;C:\Users\basha\.m2\repository\io\opentelemetry\opentelemetry-sdk-extension-autoconfigure\1.38.0\opentelemetry-sdk-extension-autoconfigure-1.38.0.jar;C:\Users\basha\.m2\repository\io\opentelemetry\opentelemetry-api-incubator\1.38.0-alpha\opentelemetry-api-incubator-1.38.0-alpha.jar;C:\Users\basha\.m2\repository\io\opentelemetry\opentelemetry-sdk-trace\1.38.0\opentelemetry-sdk-trace-1.38.0.jar;C:\Users\basha\.m2\repository\io\opentelemetry\opentelemetry-sdk\1.38.0\opentelemetry-sdk-1.38.0.jar;C:\Users\basha\.m2\repository\io\opentelemetry\opentelemetry-sdk-metrics\1.38.0\opentelemetry-sdk-metrics-1.38.0.jar;C:\Users\basha\.m2\repository\io\opentelemetry\opentelemetry-sdk-logs\1.38.0\opentelemetry-sdk-logs-1.38.0.jar;C:\Users\basha\.m2\repository\net\bytebuddy\byte-buddy\1.14.15\byte-buddy-1.14.15.jar;C:\Users\basha\.m2\repository\org\seleniumhq\selenium\selenium-os\4.21.0\selenium-os-4.21.0.jar;C:\Users\basha\.m2\repository\org\apache\commons\commons-exec\1.4.0\commons-exec-1.4.0.jar;C:\Users\basha\.m2\repository\org\seleniumhq\selenium\selenium-safari-driver\4.21.0\selenium-safari-driver-4.21.0.jar;C:\Users\basha\.m2\repository\org\seleniumhq\selenium\selenium-support\4.21.0\selenium-support-4.21.0.jar;C:\Users\basha\.m2\repository\io\cucumber\cucumber-java\7.18.0\cucumber-java-7.18.0.jar;C:\Users\basha\.m2\repository\io\cucumber\cucumber-core\7.18.0\cucumber-core-7.18.0.jar;C:\Users\basha\.m2\repository\io\cucumber\cucumber-gherkin\7.18.0\cucumber-gherkin-7.18.0.jar;C:\Users\basha\.m2\repository\io\cucumber\cucumber-gherkin-messages\7.18.0\cucumber-gherkin-messages-7.18.0.jar;C:\Users\basha\.m2\repository\io\cucumber\gherkin\28.0.0\gherkin-28.0.0.jar;C:\Users\basha\.m2\repository\io\cucumber\messages\24.1.0\messages-24.1.0.jar;C:\Users\basha\.m2\repository\io\cucumber\testng-xml-formatter\0.1.0\testng-xml-formatter-0.1.0.jar;C:\Users\basha\.m2\repository\io\cucumber\query\12.1.2\query-12.1.2.jar;C:\Users\basha\.m2\repository\io\cucumber\tag-expressions\6.1.0\tag-expressions-6.1.0.jar;C:\Users\basha\.m2\repository\io\cucumber\cucumber-expressions\17.1.0\cucumber-expressions-17.1.0.jar;C:\Users\basha\.m2\repository\io\cucumber\datatable\7.18.0\datatable-7.18.0.jar;C:\Users\basha\.m2\repository\io\cucumber\cucumber-plugin\7.18.0\cucumber-plugin-7.18.0.jar;C:\Users\basha\.m2\repository\io\cucumber\docstring\7.18.0\docstring-7.18.0.jar;C:\Users\basha\.m2\repository\io\cucumber\html-formatter\21.3.1\html-formatter-21.3.1.jar;C:\Users\basha\.m2\repository\io\cucumber\junit-xml-formatter\0.4.0\junit-xml-formatter-0.4.0.jar;C:\Users\basha\.m2\repository\io\cucumber\ci-environment\10.0.1\ci-environment-10.0.1.jar;C:\Users\basha\.m2\repository\org\apiguardian\apiguardian-api\1.1.2\apiguardian-api-1.1.2.jar;C:\Users\basha\.m2\repository\io\cucumber\cucumber-testng\7.18.0\cucumber-testng-7.18.0.jar;C:\Users\basha\.m2\repository\org\testng\testng\7.10.2\testng-7.10.2.jar;C:\Users\basha\.m2\repository\com\beust\jcommander\1.82\jcommander-1.82.jar;C:\Users\basha\.m2\repository\org\webjars\jquery\3.7.1\jquery-3.7.1.jar;C:\Users\basha\.m2\repository\org\slf4j\slf4j-api\2.0.13\slf4j-api-2.0.13.jar;C:\Users\basha\.m2\repository\ch\qos\logback\logback-classic\1.5.6\logback-classic-1.5.6.jar;C:\Users\basha\.m2\repository\ch\qos\logback\logback-core\1.5.6\logback-core-1.5.6.jar;C:\Users\basha\.m2\repository\io\github\bonigarcia\webdrivermanager\5.8.0\webdrivermanager-5.8.0.jar;C:\Users\basha\.m2\repository\com\google\code\gson\gson\2.10.1\gson-2.10.1.jar;C:\Users\basha\.m2\repository\com\github\docker-java\docker-java\3.3.6\docker-java-3.3.6.jar;C:\Users\basha\.m2\repository\com\github\docker-java\docker-java-core\3.3.6\docker-java-core-3.3.6.jar;C:\Users\basha\.m2\repository\com\github\docker-java\docker-java-api\3.3.6\docker-java-api-3.3.6.jar;C:\Users\basha\.m2\repository\com\fasterxml\jackson\core\jackson-annotations\2.10.3\jackson-annotations-2.10.3.jar;C:\Users\basha\.m2\repository\com\fasterxml\jackson\core\jackson-databind\2.10.3\jackson-databind-2.10.3.jar;C:\Users\basha\.m2\repository\com\fasterxml\jackson\core\jackson-core\2.10.3\jackson-core-2.10.3.jar;C:\Users\basha\.m2\repository\org\bouncycastle\bcpkix-jdk18on\1.76\bcpkix-jdk18on-1.76.jar;C:\Users\basha\.m2\repository\org\bouncycastle\bcprov-jdk18on\1.76\bcprov-jdk18on-1.76.jar;C:\Users\basha\.m2\repository\org\bouncycastle\bcutil-jdk18on\1.76\bcutil-jdk18on-1.76.jar;C:\Users\basha\.m2\repository\org\slf4j\jcl-over-slf4j\1.7.30\jcl-over-slf4j-1.7.30.jar;C:\Users\basha\.m2\repository\com\github\docker-java\docker-java-transport-httpclient5\3.3.6\docker-java-transport-httpclient5-3.3.6.jar;C:\Users\basha\.m2\repository\com\github\docker-java\docker-java-transport\3.3.6\docker-java-transport-3.3.6.jar;C:\Users\basha\.m2\repository\net\java\dev\jna\jna\5.13.0\jna-5.13.0.jar;C:\Users\basha\.m2\repository\org\brotli\dec\0.1.2\dec-0.1.2.jar;C:\Users\basha\.m2\repository\org\apache\commons\commons-lang3\3.14.0\commons-lang3-3.14.0.jar;C:\Users\basha\.m2\repository\org\apache\commons\commons-compress\1.26.1\commons-compress-1.26.1.jar;C:\Users\basha\.m2\repository\commons-codec\commons-codec\1.16.1\commons-codec-1.16.1.jar;C:\Users\basha\.m2\repository\commons-io\commons-io\2.15.1\commons-io-2.15.1.jar;C:\Users\basha\.m2\repository\org\apache\httpcomponents\client5\httpclient5\5.2.1\httpclient5-5.2.1.jar;C:\Users\basha\.m2\repository\org\apache\httpcomponents\core5\httpcore5\5.2\httpcore5-5.2.jar;C:\Users\basha\.m2\repository\org\apache\httpcomponents\core5\httpcore5-h2\5.2\httpcore5-h2-5.2.jar;C:\Users\basha\.m2\repository\com\github\javafaker\javafaker\1.0.2\javafaker-1.0.2.jar;C:\Users\basha\.m2\repository\org\yaml\snakeyaml\1.23\snakeyaml-1.23-android.jar;C:\Users\basha\.m2\repository\com\github\mifmif\generex\1.0.2\generex-1.0.2.jar;C:\Users\basha\.m2\repository\dk\brics\automaton\automaton\1.11-8\automaton-1.11-8.jar;"/>
    <property name="sun.cpu.endian" value="little"/>
    <property name="user.home" value="C:\Users\basha"/>
    <property name="user.language" value="en"/>
    <property name="java.specification.vendor" value="Oracle Corporation"/>
    <property name="java.version.date" value="2024-01-16"/>
    <property name="java.home" value="C:\Program Files\Java\jdk-21"/>
    <property name="file.separator" value="\"/>
    <property name="basedir" value="C:\Users\basha\Downloads\crypto-testing"/>
    <property name="style.color" value="always"/>
    <property name="java.vm.compressedOopsMode" value="Zero based"/>
    <property name="line.separator" value="&#10;"/>
    <property name="java.vm.specification.vendor" value="Oracle Corporation"/>
    <property name="java.specification.name" value="Java Platform API Specification"/>
    <property name="surefire.real.class.path" value="C:\Users\basha\AppData\Local\Temp\surefire6800689251156079545\surefirebooter-20240617001010237_3.jar"/>
    <property name="user.script" value=""/>
    <property name="sun.management.compiler" value="HotSpot 64-Bit Tiered Compilers"/>
    <property name="java.runtime.version" value="21.0.2+13-LTS-58"/>
    <property name="user.name" value="basha"/>
    <property name="stdout.encoding" value="Cp1252"/>
    <property name="path.separator" value=";"/>
    <property name="os.version" value="10.0"/>
    <property name="java.runtime.name" value="Java(TM) SE Runtime Environment"/>
    <property name="file.encoding" value="UTF-8"/>
    <property name="java.vm.name" value="Java HotSpot(TM) 64-Bit Server VM"/>
    <property name="localRepository" value="C:\Users\basha\.m2\repository"/>
    <property name="java.vendor.url.bug" value="https://bugreport.java.com/bugreport/"/>
    <property name="java.io.tmpdir" value="C:\Users\basha\AppData\Local\Temp\"/>
    <property name="java.version" value="21.0.2"/>
    <property name="user.dir" value="C:\Users\basha\Downloads\crypto-testing"/>
    <property name="os.arch" value="amd64"/>
    <property name="java.vm.specification.name" value="Java Virtual Machine Specification"/>
    <property name="sun.os.patch.level" value=""/>
    <property name="native.encoding" value="Cp1252"/>
    <property name="java.library.path" value="C:\Program Files\Java\jdk-21\bin;C:\Windows\Sun\Java\bin;C:\Windows\system32;C:\Windows;C:\Users\basha\anaconda3\condabin;C:/Users/basha/.p2/pool/plugins/org.eclipse.justj.openjdk.hotspot.jre.full.win32.x86_64_22.0.0.v20240322-1225/jre/bin/server;C:/Users/basha/.p2/pool/plugins/org.eclipse.justj.openjdk.hotspot.jre.full.win32.x86_64_22.0.0.v20240322-1225/jre/bin;C:\Program Files\Microsoft SDKs\Azure\CLI2\wbin;C:\Program Files\Common Files\Oracle\Java\javapath;C:\Program Files (x86)\Common Files\Oracle\Java\java8path;C:\Program Files (x86)\Common Files\Oracle\Java\javapath;C:\Windows\system32;C:\Windows;C:\Windows\System32\Wbem;C:\Windows\System32\WindowsPowerShell\v1.0\;C:\Windows\System32\OpenSSH\;C:\Program Files (x86)\NVIDIA Corporation\PhysX\Common;C:\HashiCorp\Vagrant\bin;C:\Program Files\NVIDIA Corporation\Nsight Compute 2022.3.0\;C:\Program Files\MATLAB\R2024a\bin;;C:\Program Files\Docker\Docker\resources\bin;C:\Users\basha\AppData\Local\Programs\Python\Python310\Scripts\;C:\Users\basha\AppData\Local\Programs\Python\Python310\;C:\Program Files\MySQL\MySQL Shell 8.0\bin\;C:\Users\basha\AppData\Local\Microsoft\WindowsApps;C:\Users\basha\AppData\Local\Programs\Microsoft VS Code\bin;C:\Users\basha\Contacts\Desktop;;."/>
    <property name="java.vm.info" value="mixed mode, sharing"/>
    <property name="stderr.encoding" value="Cp1252"/>
    <property name="java.vendor" value="Oracle Corporation"/>
    <property name="java.vm.version" value="21.0.2+13-LTS-58"/>
    <property name="sun.io.unicode.encoding" value="UnicodeLittle"/>
    <property name="java.class.version" value="65.0"/>
  </properties>
  <testcase name="runScenario[&quot;Admin changes the role of a registered user&quot;, &quot;Role Managment Test&quot;](1)" classname="cuccumbersOptions.TestNGRunner" time="7.497">
    <failure message="expected [user] but found [employee]" type="java.lang.AssertionError"><![CDATA[java.lang.AssertionError: expected [user] but found [employee]
	at org.testng.Assert.fail(Assert.java:111)
	at org.testng.Assert.failNotEquals(Assert.java:1578)
	at org.testng.Assert.assertEqualsImpl(Assert.java:150)
	at org.testng.Assert.assertEquals(Assert.java:132)
	at org.testng.Assert.assertEquals(Assert.java:656)
	at org.testng.Assert.assertEquals(Assert.java:666)
	at stepDefinitions.RoleManagmentTest.Admin_changes_the_first_user_role_to_Employee(RoleManagmentTest.java:121)
	at ✽.Admin changes the first user role to Employee(file:///C:/Users/basha/Downloads/crypto-testing/src/test/java/features/RoleManagmentTest.feature:9)
]]></failure>
    <system-out><![CDATA[
Scenario: Admin changes the role of a registered user # src/test/java/features/RoleManagmentTest.feature:3
00:10:11.285 [main] DEBUG io.github.bonigarcia.wdm.WebDriverManager -- Using WebDriverManager 5.8.0
00:10:11.524 [main] DEBUG io.github.bonigarcia.wdm.cache.ResolutionCache -- Resolution chrome=125 in cache (valid until 00:56:01 17/06/2024 PDT)
00:10:11.525 [main] DEBUG io.github.bonigarcia.wdm.cache.ResolutionCache -- Resolution chrome125=125.0.6422.141 in cache (valid until 22:52:46 17/06/2024 PDT)
00:10:11.526 [main] INFO io.github.bonigarcia.wdm.WebDriverManager -- Using chromedriver 125.0.6422.141 (resolved driver for Chrome 125)
00:10:11.554 [main] DEBUG io.github.bonigarcia.wdm.WebDriverManager -- Driver chromedriver 125.0.6422.141 found in cache
00:10:11.554 [main] INFO io.github.bonigarcia.wdm.WebDriverManager -- Exporting webdriver.chrome.driver as C:\Users\basha\.cache\selenium\chromedriver\win64\125.0.6422.141\chromedriver.exe
00:10:12.313 [main] DEBUG io.github.bonigarcia.wdm.WebDriverManager -- Using WebDriverManager 5.8.0
00:10:12.320 [main] DEBUG io.github.bonigarcia.wdm.cache.ResolutionCache -- Resolution chrome=125 in cache (valid until 00:56:01 17/06/2024 PDT)
00:10:12.321 [main] DEBUG io.github.bonigarcia.wdm.cache.ResolutionCache -- Resolution chrome125=125.0.6422.141 in cache (valid until 22:52:46 17/06/2024 PDT)
00:10:12.321 [main] INFO io.github.bonigarcia.wdm.WebDriverManager -- Using chromedriver 125.0.6422.141 (resolved driver for Chrome 125)
00:10:12.325 [main] DEBUG io.github.bonigarcia.wdm.WebDriverManager -- Driver chromedriver 125.0.6422.141 found in cache
00:10:12.325 [main] INFO io.github.bonigarcia.wdm.WebDriverManager -- Exporting webdriver.chrome.driver as C:\Users\basha\.cache\selenium\chromedriver\win64\125.0.6422.141\chromedriver.exe
00:10:12.887 [main] DEBUG io.github.bonigarcia.wdm.WebDriverManager -- Using WebDriverManager 5.8.0
00:10:12.896 [main] DEBUG io.github.bonigarcia.wdm.cache.ResolutionCache -- Resolution chrome=125 in cache (valid until 00:56:01 17/06/2024 PDT)
00:10:12.896 [main] DEBUG io.github.bonigarcia.wdm.cache.ResolutionCache -- Resolution chrome125=125.0.6422.141 in cache (valid until 22:52:46 17/06/2024 PDT)
00:10:12.896 [main] INFO io.github.bonigarcia.wdm.WebDriverManager -- Using chromedriver 125.0.6422.141 (resolved driver for Chrome 125)
00:10:12.900 [main] DEBUG io.github.bonigarcia.wdm.WebDriverManager -- Driver chromedriver 125.0.6422.141 found in cache
00:10:12.901 [main] INFO io.github.bonigarcia.wdm.WebDriverManager -- Exporting webdriver.chrome.driver as C:\Users\basha\.cache\selenium\chromedriver\win64\125.0.6422.141\chromedriver.exe
00:10:13.462 [main] DEBUG io.github.bonigarcia.wdm.WebDriverManager -- Using WebDriverManager 5.8.0
00:10:13.468 [main] DEBUG io.github.bonigarcia.wdm.cache.ResolutionCache -- Resolution chrome=125 in cache (valid until 00:56:01 17/06/2024 PDT)
00:10:13.469 [main] DEBUG io.github.bonigarcia.wdm.cache.ResolutionCache -- Resolution chrome125=125.0.6422.141 in cache (valid until 22:52:46 17/06/2024 PDT)
00:10:13.469 [main] INFO io.github.bonigarcia.wdm.WebDriverManager -- Using chromedriver 125.0.6422.141 (resolved driver for Chrome 125)
00:10:13.473 [main] DEBUG io.github.bonigarcia.wdm.WebDriverManager -- Driver chromedriver 125.0.6422.141 found in cache
00:10:13.473 [main] INFO io.github.bonigarcia.wdm.WebDriverManager -- Exporting webdriver.chrome.driver as C:\Users\basha\.cache\selenium\chromedriver\win64\125.0.6422.141\chromedriver.exe
00:10:14.035 [main] DEBUG io.github.bonigarcia.wdm.WebDriverManager -- Using WebDriverManager 5.8.0
00:10:14.041 [main] DEBUG io.github.bonigarcia.wdm.cache.ResolutionCache -- Resolution chrome=125 in cache (valid until 00:56:01 17/06/2024 PDT)
00:10:14.042 [main] DEBUG io.github.bonigarcia.wdm.cache.ResolutionCache -- Resolution chrome125=125.0.6422.141 in cache (valid until 22:52:46 17/06/2024 PDT)
00:10:14.042 [main] INFO io.github.bonigarcia.wdm.WebDriverManager -- Using chromedriver 125.0.6422.141 (resolved driver for Chrome 125)
00:10:14.047 [main] DEBUG io.github.bonigarcia.wdm.WebDriverManager -- Driver chromedriver 125.0.6422.141 found in cache
00:10:14.047 [main] INFO io.github.bonigarcia.wdm.WebDriverManager -- Exporting webdriver.chrome.driver as C:\Users\basha\.cache\selenium\chromedriver\win64\125.0.6422.141\chromedriver.exe
00:10:14.625 [main] DEBUG io.github.bonigarcia.wdm.WebDriverManager -- Using WebDriverManager 5.8.0
00:10:14.630 [main] DEBUG io.github.bonigarcia.wdm.cache.ResolutionCache -- Resolution chrome=125 in cache (valid until 00:56:01 17/06/2024 PDT)
00:10:14.632 [main] DEBUG io.github.bonigarcia.wdm.cache.ResolutionCache -- Resolution chrome125=125.0.6422.141 in cache (valid until 22:52:46 17/06/2024 PDT)
00:10:14.632 [main] INFO io.github.bonigarcia.wdm.WebDriverManager -- Using chromedriver 125.0.6422.141 (resolved driver for Chrome 125)
00:10:14.636 [main] DEBUG io.github.bonigarcia.wdm.WebDriverManager -- Driver chromedriver 125.0.6422.141 found in cache
00:10:14.637 [main] INFO io.github.bonigarcia.wdm.WebDriverManager -- Exporting webdriver.chrome.driver as C:\Users\basha\.cache\selenium\chromedriver\win64\125.0.6422.141\chromedriver.exe
  Given Admin visits homepage                         # stepDefinitions.RoleManagmentTest.Admin_visits_homepage()
  When Admin clicks on login button                   # stepDefinitions.RoleManagmentTest.Admin_clicks_on_login_button()
  When Admin logins with email and password           # stepDefinitions.RoleManagmentTest.Admin_logins_with_emailand_password()
  When Admin visits Admin Panel                       # stepDefinitions.RoleManagmentTest.Admin_visits_Admin_Panel()
  When Admin clicks on Registered Accounts tab        # stepDefinitions.RoleManagmentTest.Admin_clicks_on_Registered_Accounts_tab()
  Then Admin changes the first user role to Employee  # stepDefinitions.RoleManagmentTest.Admin_changes_the_first_user_role_to_Employee()
      java.lang.AssertionError: expected [user] but found [employee]
	at org.testng.Assert.fail(Assert.java:111)
	at org.testng.Assert.failNotEquals(Assert.java:1578)
	at org.testng.Assert.assertEqualsImpl(Assert.java:150)
	at org.testng.Assert.assertEquals(Assert.java:132)
	at org.testng.Assert.assertEquals(Assert.java:656)
	at org.testng.Assert.assertEquals(Assert.java:666)
	at stepDefinitions.RoleManagmentTest.Admin_changes_the_first_user_role_to_Employee(RoleManagmentTest.java:121)
	at ✽.Admin changes the first user role to Employee(file:///C:/Users/basha/Downloads/crypto-testing/src/test/java/features/RoleManagmentTest.feature:9)

]]></system-out>
  </testcase>
  <testcase name="runScenario[&quot;User changes the role of another registered user&quot;, &quot;Role Managment Test&quot;](2)" classname="cuccumbersOptions.TestNGRunner" time="35.756">
    <system-out><![CDATA[
Scenario: User changes the role of another registered user                            # src/test/java/features/RoleManagmentTest.feature:11
00:10:18.579 [main] DEBUG io.github.bonigarcia.wdm.WebDriverManager -- Using WebDriverManager 5.8.0
00:10:18.590 [main] DEBUG io.github.bonigarcia.wdm.cache.ResolutionCache -- Resolution chrome=125 in cache (valid until 00:56:01 17/06/2024 PDT)
00:10:18.592 [main] DEBUG io.github.bonigarcia.wdm.cache.ResolutionCache -- Resolution chrome125=125.0.6422.141 in cache (valid until 22:52:46 17/06/2024 PDT)
00:10:18.592 [main] INFO io.github.bonigarcia.wdm.WebDriverManager -- Using chromedriver 125.0.6422.141 (resolved driver for Chrome 125)
00:10:18.598 [main] DEBUG io.github.bonigarcia.wdm.WebDriverManager -- Driver chromedriver 125.0.6422.141 found in cache
00:10:18.599 [main] INFO io.github.bonigarcia.wdm.WebDriverManager -- Exporting webdriver.chrome.driver as C:\Users\basha\.cache\selenium\chromedriver\win64\125.0.6422.141\chromedriver.exe
00:10:19.199 [main] DEBUG io.github.bonigarcia.wdm.WebDriverManager -- Using WebDriverManager 5.8.0
00:10:19.207 [main] DEBUG io.github.bonigarcia.wdm.cache.ResolutionCache -- Resolution chrome=125 in cache (valid until 00:56:01 17/06/2024 PDT)
00:10:19.208 [main] DEBUG io.github.bonigarcia.wdm.cache.ResolutionCache -- Resolution chrome125=125.0.6422.141 in cache (valid until 22:52:46 17/06/2024 PDT)
00:10:19.208 [main] INFO io.github.bonigarcia.wdm.WebDriverManager -- Using chromedriver 125.0.6422.141 (resolved driver for Chrome 125)
00:10:19.215 [main] DEBUG io.github.bonigarcia.wdm.WebDriverManager -- Driver chromedriver 125.0.6422.141 found in cache
00:10:19.216 [main] INFO io.github.bonigarcia.wdm.WebDriverManager -- Exporting webdriver.chrome.driver as C:\Users\basha\.cache\selenium\chromedriver\win64\125.0.6422.141\chromedriver.exe
00:10:19.808 [main] DEBUG io.github.bonigarcia.wdm.WebDriverManager -- Using WebDriverManager 5.8.0
00:10:19.817 [main] DEBUG io.github.bonigarcia.wdm.cache.ResolutionCache -- Resolution chrome=125 in cache (valid until 00:56:01 17/06/2024 PDT)
00:10:19.817 [main] DEBUG io.github.bonigarcia.wdm.cache.ResolutionCache -- Resolution chrome125=125.0.6422.141 in cache (valid until 22:52:46 17/06/2024 PDT)
00:10:19.817 [main] INFO io.github.bonigarcia.wdm.WebDriverManager -- Using chromedriver 125.0.6422.141 (resolved driver for Chrome 125)
00:10:19.822 [main] DEBUG io.github.bonigarcia.wdm.WebDriverManager -- Driver chromedriver 125.0.6422.141 found in cache
00:10:19.823 [main] INFO io.github.bonigarcia.wdm.WebDriverManager -- Exporting webdriver.chrome.driver as C:\Users\basha\.cache\selenium\chromedriver\win64\125.0.6422.141\chromedriver.exe
00:10:20.382 [main] DEBUG io.github.bonigarcia.wdm.WebDriverManager -- Using WebDriverManager 5.8.0
00:10:20.391 [main] DEBUG io.github.bonigarcia.wdm.cache.ResolutionCache -- Resolution chrome=125 in cache (valid until 00:56:01 17/06/2024 PDT)
00:10:20.392 [main] DEBUG io.github.bonigarcia.wdm.cache.ResolutionCache -- Resolution chrome125=125.0.6422.141 in cache (valid until 22:52:46 17/06/2024 PDT)
00:10:20.392 [main] INFO io.github.bonigarcia.wdm.WebDriverManager -- Using chromedriver 125.0.6422.141 (resolved driver for Chrome 125)
00:10:20.401 [main] DEBUG io.github.bonigarcia.wdm.WebDriverManager -- Driver chromedriver 125.0.6422.141 found in cache
00:10:20.402 [main] INFO io.github.bonigarcia.wdm.WebDriverManager -- Exporting webdriver.chrome.driver as C:\Users\basha\.cache\selenium\chromedriver\win64\125.0.6422.141\chromedriver.exe
00:10:20.969 [main] DEBUG io.github.bonigarcia.wdm.WebDriverManager -- Using WebDriverManager 5.8.0
00:10:20.978 [main] DEBUG io.github.bonigarcia.wdm.cache.ResolutionCache -- Resolution chrome=125 in cache (valid until 00:56:01 17/06/2024 PDT)
00:10:20.979 [main] DEBUG io.github.bonigarcia.wdm.cache.ResolutionCache -- Resolution chrome125=125.0.6422.141 in cache (valid until 22:52:46 17/06/2024 PDT)
00:10:20.979 [main] INFO io.github.bonigarcia.wdm.WebDriverManager -- Using chromedriver 125.0.6422.141 (resolved driver for Chrome 125)
00:10:20.989 [main] DEBUG io.github.bonigarcia.wdm.WebDriverManager -- Driver chromedriver 125.0.6422.141 found in cache
00:10:20.990 [main] INFO io.github.bonigarcia.wdm.WebDriverManager -- Exporting webdriver.chrome.driver as C:\Users\basha\.cache\selenium\chromedriver\win64\125.0.6422.141\chromedriver.exe
00:10:21.590 [main] DEBUG io.github.bonigarcia.wdm.WebDriverManager -- Using WebDriverManager 5.8.0
00:10:21.604 [main] DEBUG io.github.bonigarcia.wdm.cache.ResolutionCache -- Resolution chrome=125 in cache (valid until 00:56:01 17/06/2024 PDT)
00:10:21.605 [main] DEBUG io.github.bonigarcia.wdm.cache.ResolutionCache -- Resolution chrome125=125.0.6422.141 in cache (valid until 22:52:46 17/06/2024 PDT)
00:10:21.605 [main] INFO io.github.bonigarcia.wdm.WebDriverManager -- Using chromedriver 125.0.6422.141 (resolved driver for Chrome 125)
00:10:21.615 [main] DEBUG io.github.bonigarcia.wdm.WebDriverManager -- Driver chromedriver 125.0.6422.141 found in cache
00:10:21.616 [main] INFO io.github.bonigarcia.wdm.WebDriverManager -- Exporting webdriver.chrome.driver as C:\Users\basha\.cache\selenium\chromedriver\win64\125.0.6422.141\chromedriver.exe
  Given The user visits the homepage                                                  # stepDefinitions.RoleManagmentTest.The_user_visits_the_homepage()
  When The user clicks on the login button                                            # stepDefinitions.RoleManagmentTest.the_user_clisk_on_the_login_button()
  When The user logins with their email address and password                          # stepDefinitions.RoleManagmentTest.The_user_logins_with_correct_email_address_and_password()
  Then The user should not have an admin panel to access and update other users roles # stepDefinitions.RoleManagmentTest.The_user_should_not_have_an_admin_panel_ro_access_update_other_users_roles()
]]></system-out>
  </testcase>
</testsuite>