<?xml version="1.0" encoding="UTF-8"?>
<!-- Generated by org.testng.reporters.JUnitReportReporter -->
<testsuite hostname="BasharPC" failures="0" tests="2" name="cuccumbersOptions.TestNGRunner" time="46.683" errors="0" timestamp="2024-06-17T23:48:23 PDT" skipped="0">
  <testcase classname="cuccumbersOptions.TestNGRunner" name="runScenario" time="9.117"/>
  <testcase classname="cuccumbersOptions.TestNGRunner" name="runScenario" time="37.566"/>
</testsuite> <!-- cuccumbersOptions.TestNGRunner -->
