<?xml version="1.0" encoding="UTF-8"?>
<!-- Generated by org.testng.reporters.JUnitReportReporter -->
<testsuite hostname="BasharPC" failures="1" tests="2" name="cuccumbersOptions.TestNGRunner" time="43.245" errors="0" timestamp="2024-06-17T00:10:54 PDT" skipped="0">
  <testcase classname="cuccumbersOptions.TestNGRunner" name="runScenario" time="7.487">
    <failure message="expected [user] but found [employee]" type="java.lang.AssertionError">
      <![CDATA[java.lang.AssertionError: expected [user] but found [employee]
at org.testng.Assert.fail(Assert.java:111)
at org.testng.Assert.failNotEquals(Assert.java:1578)
at org.testng.Assert.assertEqualsImpl(Assert.java:150)
at org.testng.Assert.assertEquals(Assert.java:132)
at org.testng.Assert.assertEquals(Assert.java:656)
at org.testng.Assert.assertEquals(Assert.java:666)
at stepDefinitions.RoleManagmentTest.Admin_changes_the_first_user_role_to_Employee(RoleManagmentTest.java:121)
at âœ½.Admin changes the first user role to Employee(file:///C:/Users/basha/Downloads/crypto-testing/src/test/java/features/RoleManagmentTest.feature:9)
]]>
    </failure>
  </testcase> <!-- runScenario -->
  <testcase classname="cuccumbersOptions.TestNGRunner" name="runScenario" time="35.758"/>
</testsuite> <!-- cuccumbersOptions.TestNGRunner -->
