<?xml version="1.0" encoding="UTF-8"?>
<!-- Generated by org.testng.reporters.JUnitReportReporter -->
<testsuite hostname="BasharPC" failures="0" tests="2" name="cuccumbersOptions.TestNGRunner" time="15.739" errors="0" timestamp="2024-06-26T00:48:44 PDT" skipped="0">
  <testcase classname="cuccumbersOptions.TestNGRunner" name="runScenario" time="8.801"/>
  <testcase classname="cuccumbersOptions.TestNGRunner" name="runScenario" time="6.938"/>
</testsuite> <!-- cuccumbersOptions.TestNGRunner -->
